#-----------------------------------------------------------
# Vivado v2020.1 (64-bit)
# SW Build 2902540 on Wed May 27 19:54:35 MDT 2020
# IP Build 2902112 on Wed May 27 22:43:36 MDT 2020
# Start of session at: Fri Feb 19 19:48:43 2021
# Process ID: 1570223
# Current directory: /home/janhenrik/kiCAD/KiCAD-libs
# Command line: vivado
# Log file: /home/janhenrik/kiCAD/KiCAD-libs/vivado.log
# Journal file: /home/janhenrik/kiCAD/KiCAD-libs/vivado.jou
#-----------------------------------------------------------
INFO: [Common 17-1460] Use of init.tcl in /home/janhenrik/.Xilinx/Vivado/2020.1/init.tcl is deprecated. Please use Vivado_init.tcl 
Sourcing tcl script '/home/janhenrik/.Xilinx/Vivado/2020.1/init.tcl'
INFO: [Common 17-1460] Use of init.tcl in /home/janhenrik/.Xilinx/Vivado/init.tcl is deprecated. Please use Vivado_init.tcl 
Sourcing tcl script '/home/janhenrik/.Xilinx/Vivado/init.tcl'
start_gui
open_project /home/janhenrik/programme/jelly/projects/zybo_z7_imx219_hdmi/syn/vivado2019.2/zybo_z7_imx219_hdmi.xpr
WARNING: [Board 49-91] Board repository path '“/home/janhenrik/programme/zturn-stuff/boards/board_files”' does not exist, it will not be used to search board files.
CRITICAL WARNING: [Project 1-19] Could not find the file '/home/janhenrik/programme/jelly/projects/zybo_z7_imx219_hdmi/syn/vivado2019.2/zybo_z7_imx219_hdmi.srcs/sources_1/bd/design_1/design_1.bd'.
Scanning sources...
Finished scanning sources
WARNING: [filemgmt 56-3] IPUserFilesDir: Could not find the directory '/home/janhenrik/programme/jelly/projects/zybo_z7_imx219_hdmi/syn/vivado2019.2/zybo_z7_imx219_hdmi.ip_user_files'.
INFO: [IP_Flow 19-234] Refreshing IP repositories
INFO: [IP_Flow 19-1704] No user IP repositories specified
INFO: [IP_Flow 19-2313] Loaded Vivado IP repository '/opt/Xilinx/Vivado/2020.1/data/ip'.
WARNING: [IP_Flow 19-2162] IP 'mipi_dphy_cam' is locked:
* IP definition 'MIPI D-PHY (4.1)' for IP 'mipi_dphy_cam' (customized with software release 2019.2.1) has a newer minor version in the IP Catalog. * IP definition 'MIPI D-PHY (4.1)' for IP 'mipi_dphy_cam' (customized with software release 2019.2.1) has a different revision in the IP Catalog.
WARNING: [IP_Flow 19-3899] Cannot get the environment domain name variable for the component vendor name. Setting the vendor name to 'user.org'.
update_compile_order -fileset sources_1
exit
INFO: [Common 17-206] Exiting Vivado at Fri Feb 19 19:49:53 2021...
